running egg_info
creating build/slam2robot/slam2robot.egg-info
writing build/slam2robot/slam2robot.egg-info/PKG-INFO
writing dependency_links to build/slam2robot/slam2robot.egg-info/dependency_links.txt
writing entry points to build/slam2robot/slam2robot.egg-info/entry_points.txt
writing requirements to build/slam2robot/slam2robot.egg-info/requires.txt
writing top-level names to build/slam2robot/slam2robot.egg-info/top_level.txt
writing manifest file 'build/slam2robot/slam2robot.egg-info/SOURCES.txt'
reading manifest file 'build/slam2robot/slam2robot.egg-info/SOURCES.txt'
adding license file 'LICENSE'
writing manifest file 'build/slam2robot/slam2robot.egg-info/SOURCES.txt'
running build
running build_py
creating /home/phuc/ros2_ws/src/slam2robot/build/slam2robot/build
creating /home/phuc/ros2_ws/src/slam2robot/build/slam2robot/build/lib
creating /home/phuc/ros2_ws/src/slam2robot/build/slam2robot/build/lib/slam2robot
copying slam2robot/map_autosaver.py -> /home/phuc/ros2_ws/src/slam2robot/build/slam2robot/build/lib/slam2robot
copying slam2robot/arm_controller.py -> /home/phuc/ros2_ws/src/slam2robot/build/slam2robot/build/lib/slam2robot
copying slam2robot/__init__.py -> /home/phuc/ros2_ws/src/slam2robot/build/slam2robot/build/lib/slam2robot
running install
running install_lib
creating /home/phuc/ros2_ws/src/slam2robot/install/slam2robot/lib/python3.10/site-packages/slam2robot
copying /home/phuc/ros2_ws/src/slam2robot/build/slam2robot/build/lib/slam2robot/map_autosaver.py -> /home/phuc/ros2_ws/src/slam2robot/install/slam2robot/lib/python3.10/site-packages/slam2robot
copying /home/phuc/ros2_ws/src/slam2robot/build/slam2robot/build/lib/slam2robot/arm_controller.py -> /home/phuc/ros2_ws/src/slam2robot/install/slam2robot/lib/python3.10/site-packages/slam2robot
copying /home/phuc/ros2_ws/src/slam2robot/build/slam2robot/build/lib/slam2robot/__init__.py -> /home/phuc/ros2_ws/src/slam2robot/install/slam2robot/lib/python3.10/site-packages/slam2robot
byte-compiling /home/phuc/ros2_ws/src/slam2robot/install/slam2robot/lib/python3.10/site-packages/slam2robot/map_autosaver.py to map_autosaver.cpython-310.pyc
byte-compiling /home/phuc/ros2_ws/src/slam2robot/install/slam2robot/lib/python3.10/site-packages/slam2robot/arm_controller.py to arm_controller.cpython-310.pyc
byte-compiling /home/phuc/ros2_ws/src/slam2robot/install/slam2robot/lib/python3.10/site-packages/slam2robot/__init__.py to __init__.cpython-310.pyc
running install_data
creating /home/phuc/ros2_ws/src/slam2robot/install/slam2robot/share/ament_index
creating /home/phuc/ros2_ws/src/slam2robot/install/slam2robot/share/ament_index/resource_index
creating /home/phuc/ros2_ws/src/slam2robot/install/slam2robot/share/ament_index/resource_index/packages
copying resource/slam2robot -> /home/phuc/ros2_ws/src/slam2robot/install/slam2robot/share/ament_index/resource_index/packages
copying package.xml -> /home/phuc/ros2_ws/src/slam2robot/install/slam2robot/share/slam2robot
creating /home/phuc/ros2_ws/src/slam2robot/install/slam2robot/share/slam2robot/launch
copying launch/gazebo.launch.py -> /home/phuc/ros2_ws/src/slam2robot/install/slam2robot/share/slam2robot/launch
copying launch/gmapping.launch.py -> /home/phuc/ros2_ws/src/slam2robot/install/slam2robot/share/slam2robot/launch
copying launch/display.launch.py -> /home/phuc/ros2_ws/src/slam2robot/install/slam2robot/share/slam2robot/launch
copying launch/cartographer.launch.py -> /home/phuc/ros2_ws/src/slam2robot/install/slam2robot/share/slam2robot/launch
creating /home/phuc/ros2_ws/src/slam2robot/install/slam2robot/share/slam2robot/urdf
copying urdf/slam2robot.urdf -> /home/phuc/ros2_ws/src/slam2robot/install/slam2robot/share/slam2robot/urdf
creating /home/phuc/ros2_ws/src/slam2robot/install/slam2robot/share/slam2robot/meshes
copying meshes/link1.STL -> /home/phuc/ros2_ws/src/slam2robot/install/slam2robot/share/slam2robot/meshes
copying meshes/wheel2.STL -> /home/phuc/ros2_ws/src/slam2robot/install/slam2robot/share/slam2robot/meshes
copying meshes/wheel4.STL -> /home/phuc/ros2_ws/src/slam2robot/install/slam2robot/share/slam2robot/meshes
copying meshes/imu.STL -> /home/phuc/ros2_ws/src/slam2robot/install/slam2robot/share/slam2robot/meshes
copying meshes/track1.STL -> /home/phuc/ros2_ws/src/slam2robot/install/slam2robot/share/slam2robot/meshes
copying meshes/track2.STL -> /home/phuc/ros2_ws/src/slam2robot/install/slam2robot/share/slam2robot/meshes
copying meshes/base_link.STL -> /home/phuc/ros2_ws/src/slam2robot/install/slam2robot/share/slam2robot/meshes
copying meshes/wheel3.STL -> /home/phuc/ros2_ws/src/slam2robot/install/slam2robot/share/slam2robot/meshes
copying meshes/camera.STL -> /home/phuc/ros2_ws/src/slam2robot/install/slam2robot/share/slam2robot/meshes
copying meshes/wheel1.STL -> /home/phuc/ros2_ws/src/slam2robot/install/slam2robot/share/slam2robot/meshes
copying meshes/link2.STL -> /home/phuc/ros2_ws/src/slam2robot/install/slam2robot/share/slam2robot/meshes
copying meshes/lidar.STL -> /home/phuc/ros2_ws/src/slam2robot/install/slam2robot/share/slam2robot/meshes
creating /home/phuc/ros2_ws/src/slam2robot/install/slam2robot/share/slam2robot/rviz
copying rviz/robot.rviz -> /home/phuc/ros2_ws/src/slam2robot/install/slam2robot/share/slam2robot/rviz
creating /home/phuc/ros2_ws/src/slam2robot/install/slam2robot/share/slam2robot/config
copying config/controllers.yaml -> /home/phuc/ros2_ws/src/slam2robot/install/slam2robot/share/slam2robot/config
copying config/gmapping.yaml -> /home/phuc/ros2_ws/src/slam2robot/install/slam2robot/share/slam2robot/config
copying config/cartographer_2d.lua -> /home/phuc/ros2_ws/src/slam2robot/install/slam2robot/share/slam2robot/config
creating /home/phuc/ros2_ws/src/slam2robot/install/slam2robot/share/slam2robot/world
copying world/world_3.world -> /home/phuc/ros2_ws/src/slam2robot/install/slam2robot/share/slam2robot/world
copying world/world_2.world -> /home/phuc/ros2_ws/src/slam2robot/install/slam2robot/share/slam2robot/world
copying world/world_5.world -> /home/phuc/ros2_ws/src/slam2robot/install/slam2robot/share/slam2robot/world
copying world/world_1.world -> /home/phuc/ros2_ws/src/slam2robot/install/slam2robot/share/slam2robot/world
copying world/world_4.world -> /home/phuc/ros2_ws/src/slam2robot/install/slam2robot/share/slam2robot/world
creating /home/phuc/ros2_ws/src/slam2robot/install/slam2robot/share/slam2robot/map
running install_egg_info
Copying build/slam2robot/slam2robot.egg-info to /home/phuc/ros2_ws/src/slam2robot/install/slam2robot/lib/python3.10/site-packages/slam2robot-0.0.0-py3.10.egg-info
running install_scripts
Installing arm_controller script to /home/phuc/ros2_ws/src/slam2robot/install/slam2robot/lib/slam2robot
Installing map_autosaver script to /home/phuc/ros2_ws/src/slam2robot/install/slam2robot/lib/slam2robot
writing list of installed files to '/home/phuc/ros2_ws/src/slam2robot/build/slam2robot/install.log'
