[0.415s] Invoking command in '/home/quan/slam2robot': PYTHONPATH=/home/quan/slam2robot/build/slam2robot/prefix_override:/usr/lib/python3/dist-packages/colcon_core/task/python/colcon_distutils_commands:/home/quan/slam2robot/install/slam2robot/lib/python3.10/site-packages:${PYTHONPATH} /usr/bin/python3 -W ignore:setup.py install is deprecated -W ignore:easy_install command is deprecated setup.py egg_info --egg-base build/slam2robot build --build-base /home/quan/slam2robot/build/slam2robot/build install --record /home/quan/slam2robot/build/slam2robot/install.log --single-version-externally-managed install_data
[0.576s] running egg_info
[0.576s] writing build/slam2robot/slam2robot.egg-info/PKG-INFO
[0.576s] writing dependency_links to build/slam2robot/slam2robot.egg-info/dependency_links.txt
[0.577s] writing entry points to build/slam2robot/slam2robot.egg-info/entry_points.txt
[0.577s] writing requirements to build/slam2robot/slam2robot.egg-info/requires.txt
[0.577s] writing top-level names to build/slam2robot/slam2robot.egg-info/top_level.txt
[0.578s] reading manifest file 'build/slam2robot/slam2robot.egg-info/SOURCES.txt'
[0.578s] adding license file 'LICENSE'
[0.579s] writing manifest file 'build/slam2robot/slam2robot.egg-info/SOURCES.txt'
[0.579s] running build
[0.579s] running build_py
[0.579s] running install
[0.579s] running install_lib
[0.580s] running install_data
[0.580s] copying package.xml -> /home/quan/slam2robot/install/slam2robot/share/slam2robot
[0.580s] copying launch/gazebo.launch.py -> /home/quan/slam2robot/install/slam2robot/share/slam2robot/launch
[0.580s] copying launch/slam_toolbox.launch.py -> /home/quan/slam2robot/install/slam2robot/share/slam2robot/launch
[0.580s] copying config/slam_toolbox.yaml -> /home/quan/slam2robot/install/slam2robot/share/slam2robot/config
[0.580s] copying world/world_1.world -> /home/quan/slam2robot/install/slam2robot/share/slam2robot/world
[0.580s] running install_egg_info
[0.582s] removing '/home/quan/slam2robot/install/slam2robot/lib/python3.10/site-packages/slam2robot-0.0.0-py3.10.egg-info' (and everything under it)
[0.582s] Copying build/slam2robot/slam2robot.egg-info to /home/quan/slam2robot/install/slam2robot/lib/python3.10/site-packages/slam2robot-0.0.0-py3.10.egg-info
[0.582s] running install_scripts
[0.596s] Installing arm_controller script to /home/quan/slam2robot/install/slam2robot/lib/slam2robot
[0.596s] Installing map_autosaver script to /home/quan/slam2robot/install/slam2robot/lib/slam2robot
[0.596s] writing list of installed files to '/home/quan/slam2robot/build/slam2robot/install.log'
[0.612s] Invoked command in '/home/quan/slam2robot' returned '0': PYTHONPATH=/home/quan/slam2robot/build/slam2robot/prefix_override:/usr/lib/python3/dist-packages/colcon_core/task/python/colcon_distutils_commands:/home/quan/slam2robot/install/slam2robot/lib/python3.10/site-packages:${PYTHONPATH} /usr/bin/python3 -W ignore:setup.py install is deprecated -W ignore:easy_install command is deprecated setup.py egg_info --egg-base build/slam2robot build --build-base /home/quan/slam2robot/build/slam2robot/build install --record /home/quan/slam2robot/build/slam2robot/install.log --single-version-externally-managed install_data
