[0.103s] DEBUG:colcon:Command line arguments: ['/usr/bin/colcon', 'build']
[0.103s] DEBUG:colcon:Parsed command line arguments: Namespace(log_base=None, log_level=None, verb_name='build', build_base='build', install_base='install', merge_install=False, symlink_install=False, test_result_base=None, continue_on_error=False, executor='parallel', parallel_workers=12, event_handlers=None, ignore_user_meta=False, metas=['./colcon.meta'], base_paths=['.'], packages_ignore=None, packages_ignore_regex=None, paths=None, packages_up_to=None, packages_up_to_regex=None, packages_above=None, packages_above_and_dependencies=None, packages_above_depth=None, packages_select_by_dep=None, packages_skip_by_dep=None, packages_skip_up_to=None, packages_select_build_failed=False, packages_skip_build_finished=False, packages_select_test_failures=False, packages_skip_test_passed=False, packages_select=None, packages_skip=None, packages_select_regex=None, packages_skip_regex=None, packages_start=None, packages_end=None, allow_overriding=[], cmake_args=None, cmake_target=None, cmake_target_skip_unavailable=False, cmake_clean_cache=False, cmake_clean_first=False, cmake_force_configure=False, ament_cmake_args=None, catkin_cmake_args=None, catkin_skip_building_tests=False, verb_parser=<colcon_defaults.argument_parser.defaults.DefaultArgumentsDecorator object at 0x7e588522af80>, verb_extension=<colcon_core.verb.build.BuildVerb object at 0x7e588522a9b0>, main=<bound method BuildVerb.main of <colcon_core.verb.build.BuildVerb object at 0x7e588522a9b0>>)
[0.311s] Level 1:colcon.colcon_core.package_discovery:discover_packages(colcon_meta) check parameters
[0.311s] Level 1:colcon.colcon_core.package_discovery:discover_packages(recursive) check parameters
[0.311s] Level 1:colcon.colcon_core.package_discovery:discover_packages(ignore) check parameters
[0.311s] Level 1:colcon.colcon_core.package_discovery:discover_packages(path) check parameters
[0.311s] Level 1:colcon.colcon_core.package_discovery:discover_packages(colcon_meta) discover
[0.311s] Level 1:colcon.colcon_core.package_discovery:discover_packages(recursive) discover
[0.311s] INFO:colcon.colcon_core.package_discovery:Crawling recursively for packages in '/home/phuc/ros2_ws/src/slam2robot'
[0.311s] Level 1:colcon.colcon_core.package_identification:_identify(.) by extensions ['ignore', 'ignore_ament_install']
[0.311s] Level 1:colcon.colcon_core.package_identification:_identify(.) by extension 'ignore'
[0.312s] Level 1:colcon.colcon_core.package_identification:_identify(.) by extension 'ignore_ament_install'
[0.312s] Level 1:colcon.colcon_core.package_identification:_identify(.) by extensions ['colcon_pkg']
[0.312s] Level 1:colcon.colcon_core.package_identification:_identify(.) by extension 'colcon_pkg'
[0.312s] Level 1:colcon.colcon_core.package_identification:_identify(.) by extensions ['colcon_meta']
[0.312s] Level 1:colcon.colcon_core.package_identification:_identify(.) by extension 'colcon_meta'
[0.312s] Level 1:colcon.colcon_core.package_identification:_identify(.) by extensions ['ros']
[0.312s] Level 1:colcon.colcon_core.package_identification:_identify(.) by extension 'ros'
[0.336s] DEBUG:colcon.colcon_core.package_identification:Package '.' with type 'ros.ament_python' and name 'slam2robot'
[0.336s] Level 1:colcon.colcon_core.package_discovery:discover_packages(recursive) using defaults
[0.336s] Level 1:colcon.colcon_core.package_discovery:discover_packages(ignore) discover
[0.336s] Level 1:colcon.colcon_core.package_discovery:discover_packages(ignore) using defaults
[0.336s] Level 1:colcon.colcon_core.package_discovery:discover_packages(path) discover
[0.336s] Level 1:colcon.colcon_core.package_discovery:discover_packages(path) using defaults
[0.364s] Level 1:colcon.colcon_core.package_discovery:discover_packages(prefix_path) check parameters
[0.364s] Level 1:colcon.colcon_core.package_discovery:discover_packages(prefix_path) discover
[0.366s] DEBUG:colcon.colcon_installed_package_information.package_discovery:Found 1 installed packages in /home/phuc/ros2_ws/install
[0.367s] DEBUG:colcon.colcon_installed_package_information.package_discovery:Found 12 installed packages in /home/phuc/turtlebot3_ws/install
[0.369s] DEBUG:colcon.colcon_installed_package_information.package_discovery:Found 457 installed packages in /opt/ros/humble
[0.371s] Level 1:colcon.colcon_core.package_discovery:discover_packages(prefix_path) using defaults
[0.429s] Level 5:colcon.colcon_core.verb:set package 'slam2robot' build argument 'cmake_args' from command line to 'None'
[0.429s] Level 5:colcon.colcon_core.verb:set package 'slam2robot' build argument 'cmake_target' from command line to 'None'
[0.429s] Level 5:colcon.colcon_core.verb:set package 'slam2robot' build argument 'cmake_target_skip_unavailable' from command line to 'False'
[0.429s] Level 5:colcon.colcon_core.verb:set package 'slam2robot' build argument 'cmake_clean_cache' from command line to 'False'
[0.429s] Level 5:colcon.colcon_core.verb:set package 'slam2robot' build argument 'cmake_clean_first' from command line to 'False'
[0.429s] Level 5:colcon.colcon_core.verb:set package 'slam2robot' build argument 'cmake_force_configure' from command line to 'False'
[0.429s] Level 5:colcon.colcon_core.verb:set package 'slam2robot' build argument 'ament_cmake_args' from command line to 'None'
[0.429s] Level 5:colcon.colcon_core.verb:set package 'slam2robot' build argument 'catkin_cmake_args' from command line to 'None'
[0.429s] Level 5:colcon.colcon_core.verb:set package 'slam2robot' build argument 'catkin_skip_building_tests' from command line to 'False'
[0.429s] DEBUG:colcon.colcon_core.verb:Building package 'slam2robot' with the following arguments: {'ament_cmake_args': None, 'build_base': '/home/phuc/ros2_ws/src/slam2robot/build/slam2robot', 'catkin_cmake_args': None, 'catkin_skip_building_tests': False, 'cmake_args': None, 'cmake_clean_cache': False, 'cmake_clean_first': False, 'cmake_force_configure': False, 'cmake_target': None, 'cmake_target_skip_unavailable': False, 'install_base': '/home/phuc/ros2_ws/src/slam2robot/install/slam2robot', 'merge_install': False, 'path': '/home/phuc/ros2_ws/src/slam2robot', 'symlink_install': False, 'test_result_base': None}
[0.429s] INFO:colcon.colcon_core.executor:Executing jobs using 'parallel' executor
[0.430s] DEBUG:colcon.colcon_parallel_executor.executor.parallel:run_until_complete
[0.430s] INFO:colcon.colcon_ros.task.ament_python.build:Building ROS package in '/home/phuc/ros2_ws/src/slam2robot' with build type 'ament_python'
[0.430s] Level 1:colcon.colcon_core.shell:create_environment_hook('slam2robot', 'ament_prefix_path')
[0.433s] INFO:colcon.colcon_core.plugin_system:Skipping extension 'colcon_core.shell.bat': Not used on non-Windows systems
[0.433s] INFO:colcon.colcon_core.shell:Creating environment hook '/home/phuc/ros2_ws/src/slam2robot/install/slam2robot/share/slam2robot/hook/ament_prefix_path.ps1'
[0.434s] INFO:colcon.colcon_core.shell:Creating environment descriptor '/home/phuc/ros2_ws/src/slam2robot/install/slam2robot/share/slam2robot/hook/ament_prefix_path.dsv'
[0.434s] INFO:colcon.colcon_core.shell:Creating environment hook '/home/phuc/ros2_ws/src/slam2robot/install/slam2robot/share/slam2robot/hook/ament_prefix_path.sh'
[0.435s] INFO:colcon.colcon_core.shell:Skip shell extension 'powershell' for command environment: Not usable outside of PowerShell
[0.435s] DEBUG:colcon.colcon_core.shell:Skip shell extension 'dsv' for command environment
[0.739s] INFO:colcon.colcon_core.task.python.build:Building Python package in '/home/phuc/ros2_ws/src/slam2robot'
[0.740s] INFO:colcon.colcon_core.shell:Skip shell extension 'powershell' for command environment: Not usable outside of PowerShell
[0.740s] DEBUG:colcon.colcon_core.shell:Skip shell extension 'dsv' for command environment
[1.218s] DEBUG:colcon.colcon_core.event_handler.log_command:Invoking command in '/home/phuc/ros2_ws/src/slam2robot': PYTHONPATH=/home/phuc/ros2_ws/src/slam2robot/build/slam2robot/prefix_override:/usr/lib/python3/dist-packages/colcon_core/task/python/colcon_distutils_commands:/home/phuc/ros2_ws/src/slam2robot/install/slam2robot/lib/python3.10/site-packages:${PYTHONPATH} /usr/bin/python3 -W ignore:setup.py install is deprecated -W ignore:easy_install command is deprecated setup.py egg_info --egg-base build/slam2robot build --build-base /home/phuc/ros2_ws/src/slam2robot/build/slam2robot/build install --record /home/phuc/ros2_ws/src/slam2robot/build/slam2robot/install.log --single-version-externally-managed install_data
[1.560s] DEBUG:colcon.colcon_core.event_handler.log_command:Invoked command in '/home/phuc/ros2_ws/src/slam2robot' returned '0': PYTHONPATH=/home/phuc/ros2_ws/src/slam2robot/build/slam2robot/prefix_override:/usr/lib/python3/dist-packages/colcon_core/task/python/colcon_distutils_commands:/home/phuc/ros2_ws/src/slam2robot/install/slam2robot/lib/python3.10/site-packages:${PYTHONPATH} /usr/bin/python3 -W ignore:setup.py install is deprecated -W ignore:easy_install command is deprecated setup.py egg_info --egg-base build/slam2robot build --build-base /home/phuc/ros2_ws/src/slam2robot/build/slam2robot/build install --record /home/phuc/ros2_ws/src/slam2robot/build/slam2robot/install.log --single-version-externally-managed install_data
[1.562s] Level 1:colcon.colcon_core.environment:checking '/home/phuc/ros2_ws/src/slam2robot/install/slam2robot' for CMake module files
[1.563s] Level 1:colcon.colcon_core.environment:checking '/home/phuc/ros2_ws/src/slam2robot/install/slam2robot' for CMake config files
[1.563s] Level 1:colcon.colcon_core.environment:checking '/home/phuc/ros2_ws/src/slam2robot/install/slam2robot/lib'
[1.563s] Level 1:colcon.colcon_core.environment:checking '/home/phuc/ros2_ws/src/slam2robot/install/slam2robot/bin'
[1.564s] Level 1:colcon.colcon_core.environment:checking '/home/phuc/ros2_ws/src/slam2robot/install/slam2robot/lib/pkgconfig/slam2robot.pc'
[1.564s] Level 1:colcon.colcon_core.environment:checking '/home/phuc/ros2_ws/src/slam2robot/install/slam2robot/lib/python3.10/site-packages'
[1.564s] Level 1:colcon.colcon_core.shell:create_environment_hook('slam2robot', 'pythonpath')
[1.564s] INFO:colcon.colcon_core.shell:Creating environment hook '/home/phuc/ros2_ws/src/slam2robot/install/slam2robot/share/slam2robot/hook/pythonpath.ps1'
[1.564s] INFO:colcon.colcon_core.shell:Creating environment descriptor '/home/phuc/ros2_ws/src/slam2robot/install/slam2robot/share/slam2robot/hook/pythonpath.dsv'
[1.565s] INFO:colcon.colcon_core.shell:Creating environment hook '/home/phuc/ros2_ws/src/slam2robot/install/slam2robot/share/slam2robot/hook/pythonpath.sh'
[1.565s] Level 1:colcon.colcon_core.environment:checking '/home/phuc/ros2_ws/src/slam2robot/install/slam2robot/bin'
[1.565s] Level 1:colcon.colcon_core.environment:create_environment_scripts_only(slam2robot)
[1.565s] INFO:colcon.colcon_core.shell:Creating package script '/home/phuc/ros2_ws/src/slam2robot/install/slam2robot/share/slam2robot/package.ps1'
[1.566s] INFO:colcon.colcon_core.shell:Creating package descriptor '/home/phuc/ros2_ws/src/slam2robot/install/slam2robot/share/slam2robot/package.dsv'
[1.567s] INFO:colcon.colcon_core.shell:Creating package script '/home/phuc/ros2_ws/src/slam2robot/install/slam2robot/share/slam2robot/package.sh'
[1.568s] INFO:colcon.colcon_core.shell:Creating package script '/home/phuc/ros2_ws/src/slam2robot/install/slam2robot/share/slam2robot/package.bash'
[1.568s] INFO:colcon.colcon_core.shell:Creating package script '/home/phuc/ros2_ws/src/slam2robot/install/slam2robot/share/slam2robot/package.zsh'
[1.569s] Level 1:colcon.colcon_core.environment:create_file_with_runtime_dependencies(/home/phuc/ros2_ws/src/slam2robot/install/slam2robot/share/colcon-core/packages/slam2robot)
[1.569s] DEBUG:colcon.colcon_parallel_executor.executor.parallel:closing loop
[1.569s] DEBUG:colcon.colcon_parallel_executor.executor.parallel:loop closed
[1.569s] DEBUG:colcon.colcon_parallel_executor.executor.parallel:run_until_complete finished with '0'
[1.569s] DEBUG:colcon.colcon_core.event_reactor:joining thread
[1.578s] INFO:colcon.colcon_core.plugin_system:Skipping extension 'colcon_notification.desktop_notification.terminal_notifier': Not used on non-Darwin systems
[1.578s] INFO:colcon.colcon_core.plugin_system:Skipping extension 'colcon_notification.desktop_notification.win32': Not used on non-Windows systems
[1.578s] INFO:colcon.colcon_notification.desktop_notification:Sending desktop notification using 'notify2'
[1.595s] DEBUG:colcon.colcon_core.event_reactor:joined thread
[1.596s] INFO:colcon.colcon_core.shell:Creating prefix script '/home/phuc/ros2_ws/src/slam2robot/install/local_setup.ps1'
[1.597s] INFO:colcon.colcon_core.shell:Creating prefix util module '/home/phuc/ros2_ws/src/slam2robot/install/_local_setup_util_ps1.py'
[1.599s] INFO:colcon.colcon_core.shell:Creating prefix chain script '/home/phuc/ros2_ws/src/slam2robot/install/setup.ps1'
[1.601s] INFO:colcon.colcon_core.shell:Creating prefix script '/home/phuc/ros2_ws/src/slam2robot/install/local_setup.sh'
[1.601s] INFO:colcon.colcon_core.shell:Creating prefix util module '/home/phuc/ros2_ws/src/slam2robot/install/_local_setup_util_sh.py'
[1.602s] INFO:colcon.colcon_core.shell:Creating prefix chain script '/home/phuc/ros2_ws/src/slam2robot/install/setup.sh'
[1.603s] INFO:colcon.colcon_core.shell:Creating prefix script '/home/phuc/ros2_ws/src/slam2robot/install/local_setup.bash'
[1.603s] INFO:colcon.colcon_core.shell:Creating prefix chain script '/home/phuc/ros2_ws/src/slam2robot/install/setup.bash'
[1.605s] INFO:colcon.colcon_core.shell:Creating prefix script '/home/phuc/ros2_ws/src/slam2robot/install/local_setup.zsh'
[1.605s] INFO:colcon.colcon_core.shell:Creating prefix chain script '/home/phuc/ros2_ws/src/slam2robot/install/setup.zsh'
