/home/phuc/ros2_ws/src/slam2robot/install/slam2robot/lib/python3.10/site-packages/slam2robot/map_autosaver.py
/home/phuc/ros2_ws/src/slam2robot/install/slam2robot/lib/python3.10/site-packages/slam2robot/arm_controller.py
/home/phuc/ros2_ws/src/slam2robot/install/slam2robot/lib/python3.10/site-packages/slam2robot/__init__.py
/home/phuc/ros2_ws/src/slam2robot/install/slam2robot/lib/python3.10/site-packages/slam2robot/__pycache__/map_autosaver.cpython-310.pyc
/home/phuc/ros2_ws/src/slam2robot/install/slam2robot/lib/python3.10/site-packages/slam2robot/__pycache__/arm_controller.cpython-310.pyc
/home/phuc/ros2_ws/src/slam2robot/install/slam2robot/lib/python3.10/site-packages/slam2robot/__pycache__/__init__.cpython-310.pyc
/home/phuc/ros2_ws/src/slam2robot/install/slam2robot/share/ament_index/resource_index/packages/slam2robot
/home/phuc/ros2_ws/src/slam2robot/install/slam2robot/share/slam2robot/package.xml
/home/phuc/ros2_ws/src/slam2robot/install/slam2robot/share/slam2robot/launch/gazebo.launch.py
/home/phuc/ros2_ws/src/slam2robot/install/slam2robot/share/slam2robot/launch/gmapping.launch.py
/home/phuc/ros2_ws/src/slam2robot/install/slam2robot/share/slam2robot/launch/display.launch.py
/home/phuc/ros2_ws/src/slam2robot/install/slam2robot/share/slam2robot/launch/cartographer.launch.py
/home/phuc/ros2_ws/src/slam2robot/install/slam2robot/share/slam2robot/urdf/slam2robot.urdf
/home/phuc/ros2_ws/src/slam2robot/install/slam2robot/share/slam2robot/meshes/link1.STL
/home/phuc/ros2_ws/src/slam2robot/install/slam2robot/share/slam2robot/meshes/wheel2.STL
/home/phuc/ros2_ws/src/slam2robot/install/slam2robot/share/slam2robot/meshes/wheel4.STL
/home/phuc/ros2_ws/src/slam2robot/install/slam2robot/share/slam2robot/meshes/imu.STL
/home/phuc/ros2_ws/src/slam2robot/install/slam2robot/share/slam2robot/meshes/track1.STL
/home/phuc/ros2_ws/src/slam2robot/install/slam2robot/share/slam2robot/meshes/track2.STL
/home/phuc/ros2_ws/src/slam2robot/install/slam2robot/share/slam2robot/meshes/base_link.STL
/home/phuc/ros2_ws/src/slam2robot/install/slam2robot/share/slam2robot/meshes/wheel3.STL
/home/phuc/ros2_ws/src/slam2robot/install/slam2robot/share/slam2robot/meshes/camera.STL
/home/phuc/ros2_ws/src/slam2robot/install/slam2robot/share/slam2robot/meshes/wheel1.STL
/home/phuc/ros2_ws/src/slam2robot/install/slam2robot/share/slam2robot/meshes/link2.STL
/home/phuc/ros2_ws/src/slam2robot/install/slam2robot/share/slam2robot/meshes/lidar.STL
/home/phuc/ros2_ws/src/slam2robot/install/slam2robot/share/slam2robot/rviz/robot.rviz
/home/phuc/ros2_ws/src/slam2robot/install/slam2robot/share/slam2robot/config/controllers.yaml
/home/phuc/ros2_ws/src/slam2robot/install/slam2robot/share/slam2robot/config/gmapping.yaml
/home/phuc/ros2_ws/src/slam2robot/install/slam2robot/share/slam2robot/config/cartographer_2d.lua
/home/phuc/ros2_ws/src/slam2robot/install/slam2robot/share/slam2robot/world/world_3.world
/home/phuc/ros2_ws/src/slam2robot/install/slam2robot/share/slam2robot/world/world_2.world
/home/phuc/ros2_ws/src/slam2robot/install/slam2robot/share/slam2robot/world/world_5.world
/home/phuc/ros2_ws/src/slam2robot/install/slam2robot/share/slam2robot/world/world_1.world
/home/phuc/ros2_ws/src/slam2robot/install/slam2robot/share/slam2robot/world/world_4.world
/home/phuc/ros2_ws/src/slam2robot/install/slam2robot/share/slam2robot/map
/home/phuc/ros2_ws/src/slam2robot/install/slam2robot/lib/python3.10/site-packages/slam2robot-0.0.0-py3.10.egg-info/SOURCES.txt
/home/phuc/ros2_ws/src/slam2robot/install/slam2robot/lib/python3.10/site-packages/slam2robot-0.0.0-py3.10.egg-info/zip-safe
/home/phuc/ros2_ws/src/slam2robot/install/slam2robot/lib/python3.10/site-packages/slam2robot-0.0.0-py3.10.egg-info/requires.txt
/home/phuc/ros2_ws/src/slam2robot/install/slam2robot/lib/python3.10/site-packages/slam2robot-0.0.0-py3.10.egg-info/entry_points.txt
/home/phuc/ros2_ws/src/slam2robot/install/slam2robot/lib/python3.10/site-packages/slam2robot-0.0.0-py3.10.egg-info/top_level.txt
/home/phuc/ros2_ws/src/slam2robot/install/slam2robot/lib/python3.10/site-packages/slam2robot-0.0.0-py3.10.egg-info/PKG-INFO
/home/phuc/ros2_ws/src/slam2robot/install/slam2robot/lib/python3.10/site-packages/slam2robot-0.0.0-py3.10.egg-info/dependency_links.txt
/home/phuc/ros2_ws/src/slam2robot/install/slam2robot/lib/slam2robot/arm_controller
/home/phuc/ros2_ws/src/slam2robot/install/slam2robot/lib/slam2robot/map_autosaver
